TN:
SF:controllers\Controller.js
FN:4,(anonymous_0)
FN:10,(anonymous_1)
FN:14,(anonymous_2)
FN:20,(anonymous_3)
FN:27,(anonymous_4)
FN:28,(anonymous_5)
FN:31,(anonymous_6)
FN:38,(anonymous_7)
FNF:8
FNH:6
FNDA:1,(anonymous_0)
FNDA:1,(anonymous_1)
FNDA:0,(anonymous_2)
FNDA:1,(anonymous_3)
FNDA:1,(anonymous_4)
FNDA:1,(anonymous_5)
FNDA:0,(anonymous_6)
FNDA:1,(anonymous_7)
DA:1,1
DA:4,1
DA:5,1
DA:11,1
DA:12,1
DA:15,0
DA:16,0
DA:20,1
DA:21,1
DA:22,1
DA:28,1
DA:29,1
DA:32,0
DA:33,0
DA:38,1
DA:39,1
DA:44,1
LF:17
LH:13
BRF:0
BRH:0
end_of_record
